[35m[Appium][39m Welcome to Appium v2.5.0
[35m[Appium][39m Non-default server args:
[35m[Appium][39m { basePath: [32m'/wd/hub'[39m, loglevel: [32m'info'[39m, port: [33m58340[39m }
[35m[Appium][39m Attempting to load driver uiautomator2...
[35m[Appium][39m Appium REST http interface listener started on http://0.0.0.0:58340/wd/hub
[35m[Appium][39m You can provide the following URLs in your client code to connect to this server:
[35m[Appium][39m 	http://10.10.13.52:58340/wd/hub
[35m[Appium][39m 	http://127.0.0.1:58340/wd/hub (only accessible from the same host)
[35m[Appium][39m Available drivers:
[35m[Appium][39m   - uiautomator2@3.0.0 (automationName 'UiAutomator2')
[35m[Appium][39m No plugins have been installed. Use the "appium plugin" command to install the one(s) you want to use.
[38;5;0m[HTTP][0m [37m-->[39m [37mGET[39m [37m/wd/hub/status[39m
[38;5;0m[HTTP][0m [90m{}[39m
[38;5;0m[HTTP][0m [37m<-- GET /wd/hub/status [39m[32m200[39m [90m4 ms - 110[39m
[38;5;0m[HTTP][0m [90m[39m
[38;5;0m[HTTP][0m [37m-->[39m [37mGET[39m [37m/wd/hub/status[39m
[38;5;0m[HTTP][0m [90m{}[39m
[38;5;0m[HTTP][0m [37m<-- GET /wd/hub/status [39m[32m200[39m [90m1 ms - 110[39m
[38;5;0m[HTTP][0m [90m[39m
[38;5;0m[HTTP][0m [37m-->[39m [37mPOST[39m [37m/wd/hub/session[39m
[38;5;0m[HTTP][0m [90m{"desiredCapabilities":{"appium:systemPort":8237,"appium:udid":"emulator-5554","appium:autoGrantPermissions":true,"appium:newCommandTimeout":1800,"appium:platformName":"ANDROID","appium:appActivity":".Settings","appium:deviceName":"emulator-5554 (sdk_gphone_x86_64 - Android 13)","platformName":"Android","appium:automationName":"uiautomator2","appium:platformVersion":"13","appium:appPackage":"com.android.settings"},"capabilities":{"firstMatch":[{"appium:appActivity":".Settings","appium:appPackage":"com.android.settings","appium:autoGrantPermissions":true,"appium:automationName":"uiautomator2","appium:deviceName":"emulator-5554 (sdk_gphone_x86_64 - Android 13)","appium:newCommandTimeout":1800,"appium:platformName":"ANDROID","appium:platformVersion":"13","appium:systemPort":8237,"appium:udid":"emulator-5554","platformName":"android"}]}}[39m
[38;5;32m[BaseDriver][0m Ignoring capability 'appium:platformName=ANDROID' and using capability 'platformName=android'
[38;5;32m[BaseDriver][0m The capabilities ["platformName"] are standard capabilities and do not require "appium:" prefix
[35m[Appium][39m Attempting to find matching driver for automationName 'uiautomator2' and platformName 'android'
[35m[Appium][39m The 'uiautomator2' driver was installed and matched caps.
[35m[Appium][39m Will require it at C:\Users\clarien cahyono\.appium\node_modules\appium-uiautomator2-driver
[38;5;16m[AppiumDriver@12e5][0m Appium v2.5.0 creating new AndroidUiautomator2Driver (v3.0.0) session
[38;5;16m[AppiumDriver@12e5][0m Checking BaseDriver versions for Appium and AndroidUiautomator2Driver
[38;5;16m[AppiumDriver@12e5][0m Appium's BaseDriver version is 9.5.1
[38;5;16m[AppiumDriver@12e5][0m AndroidUiautomator2Driver's BaseDriver version is 9.5.1
[38;5;48m[AndroidUiautomator2Driver@add2 (e0a878d6)][0m Session created with session id: e0a878d6-c666-48c6-9a5d-0c0298e02183
[38;5;64m[ADB][0m Found 1 'build-tools' folders under 'C:\Users\clarien cahyono\.katalon\tools\android_sdk' (newest first):
[38;5;64m[ADB][0m     C:\Users\clarien cahyono\.katalon\tools\android_sdk\build-tools\29.0.3
[38;5;64m[ADB][0m Using 'adb.exe' from 'C:\Users\clarien cahyono\.katalon\tools\android_sdk\platform-tools\adb.exe'
[38;5;48m[AndroidUiautomator2Driver@add2 (e0a878d6)][0m Retrieving device list
[38;5;48m[AndroidUiautomator2Driver@add2 (e0a878d6)][0m Using device: emulator-5554
[38;5;64m[ADB][0m Using 'adb.exe' from 'C:\Users\clarien cahyono\.katalon\tools\android_sdk\platform-tools\adb.exe'
[38;5;48m[AndroidUiautomator2Driver@add2 (e0a878d6)][0m Starting 'com.android.settings' directly on the device
[38;5;64m[ADB][0m Getting device platform version
[38;5;48m[AndroidUiautomator2Driver@add2 (e0a878d6)][0m Relaxing hidden api policy
[38;5;48m[AndroidUiautomator2Driver@add2 (e0a878d6)][0m No app sent in, not parsing package/activity
[38;5;64m[ADB][0m Using 'apksigner.jar' from 'C:\Users\clarien cahyono\.katalon\tools\android_sdk\build-tools\29.0.3\lib\apksigner.jar'
[38;5;64m[ADB][0m 'C:\Users\clarien cahyono\.appium\node_modules\appium-uiautomator2-driver\node_modules\appium-uiautomator2-server\apks\appium-uiautomator2-server-debug-androidTest.apk' is signed with the default certificate
[38;5;64m[ADB][0m 'C:\Users\clarien cahyono\.appium\node_modules\appium-uiautomator2-driver\node_modules\appium-uiautomator2-server\apks\appium-uiautomator2-server-v7.0.0.apk' is signed with the default certificate
[38;5;48m[AndroidUiautomator2Driver@add2 (e0a878d6)][0m Server packages are not going to be (re)installed
[38;5;64m[ADB][0m Adding packages ["io.appium.settings","io.appium.uiautomator2.server","io.appium.uiautomator2.server.test"] to Doze whitelist
[38;5;48m[AndroidUiautomator2Driver@add2 (e0a878d6)][0m Starting UIAutomator2 server 7.0.0
[38;5;48m[AndroidUiautomator2Driver@add2 (e0a878d6)][0m Using UIAutomator2 server from 'C:\Users\clarien cahyono\.appium\node_modules\appium-uiautomator2-driver\node_modules\appium-uiautomator2-server\apks\appium-uiautomator2-server-v7.0.0.apk' and test from 'C:\Users\clarien cahyono\.appium\node_modules\appium-uiautomator2-driver\node_modules\appium-uiautomator2-server\apks\appium-uiautomator2-server-debug-androidTest.apk'
[38;5;48m[AndroidUiautomator2Driver@add2 (e0a878d6)][0m Waiting up to 30000ms for UiAutomator2 to be online...
[38;5;48m[AndroidUiautomator2Driver@add2 (e0a878d6)][0m socket hang up
[38;5;48m[AndroidUiautomator2Driver@add2 (e0a878d6)][0m socket hang up
[38;5;48m[AndroidUiautomator2Driver@add2 (e0a878d6)][0m Determined the downstream protocol as 'W3C'
[38;5;48m[AndroidUiautomator2Driver@add2 (e0a878d6)][0m Screen already unlocked, doing nothing
[38;5;48m[AndroidUiautomator2Driver@add2 (e0a878d6)][0m Starting 'com.android.settings/.Settings and waiting for 'com.android.settings/.Settings'
[38;5;16m[AppiumDriver@12e5][0m New AndroidUiautomator2Driver session created successfully, session e0a878d6-c666-48c6-9a5d-0c0298e02183 added to master session list
[38;5;0m[HTTP][0m [37m<-- POST /wd/hub/session [39m[32m200[39m [90m5099 ms - 1118[39m
[38;5;0m[HTTP][0m [90m[39m
[38;5;0m[HTTP][0m [37m-->[39m [37mGET[39m [37m/wd/hub/session/e0a878d6-c666-48c6-9a5d-0c0298e02183[39m
[38;5;0m[HTTP][0m [90m{}[39m
[38;5;0m[HTTP][0m [37m<-- GET /wd/hub/session/e0a878d6-c666-48c6-9a5d-0c0298e02183 [39m[32m200[39m [90m18 ms - 331[39m
[38;5;0m[HTTP][0m [90m[39m
[38;5;0m[HTTP][0m [37m-->[39m [37mGET[39m [37m/wd/hub/session/e0a878d6-c666-48c6-9a5d-0c0298e02183[39m
[38;5;0m[HTTP][0m [90m{}[39m
[38;5;0m[HTTP][0m [37m<-- GET /wd/hub/session/e0a878d6-c666-48c6-9a5d-0c0298e02183 [39m[32m200[39m [90m19 ms - 331[39m
[38;5;0m[HTTP][0m [90m[39m
[38;5;0m[HTTP][0m [37m-->[39m [37mGET[39m [37m/wd/hub/status[39m
[38;5;0m[HTTP][0m [90m{}[39m
[38;5;0m[HTTP][0m [37m<-- GET /wd/hub/status [39m[32m200[39m [90m1 ms - 110[39m
[38;5;0m[HTTP][0m [90m[39m
[38;5;0m[HTTP][0m [37m-->[39m [37mPOST[39m [37m/wd/hub/session/e0a878d6-c666-48c6-9a5d-0c0298e02183/timeouts[39m
[38;5;0m[HTTP][0m [90m{"implicit":60000}[39m
[38;5;0m[HTTP][0m [37m<-- POST /wd/hub/session/e0a878d6-c666-48c6-9a5d-0c0298e02183/timeouts [39m[32m200[39m [90m2 ms - 14[39m
[38;5;0m[HTTP][0m [90m[39m
[38;5;0m[HTTP][0m [37m-->[39m [37mGET[39m [37m/wd/hub/session/e0a878d6-c666-48c6-9a5d-0c0298e02183/appium/device/system_bars[39m
[38;5;0m[HTTP][0m [90m{}[39m
[38;5;0m[HTTP][0m [37m<-- GET /wd/hub/session/e0a878d6-c666-48c6-9a5d-0c0298e02183/appium/device/system_bars [39m[32m200[39m [90m84 ms - 151[39m
[38;5;0m[HTTP][0m [90m[39m
[38;5;0m[HTTP][0m [37m-->[39m [37mPOST[39m [37m/wd/hub/session/e0a878d6-c666-48c6-9a5d-0c0298e02183/appium/device/activate_app[39m
[38;5;0m[HTTP][0m [90m{"bundleId":"com.vq.mbrochuregp.client.android"}[39m
[38;5;0m[HTTP][0m [37m<-- POST /wd/hub/session/e0a878d6-c666-48c6-9a5d-0c0298e02183/appium/device/activate_app [39m[32m200[39m [90m191 ms - 14[39m
[38;5;0m[HTTP][0m [90m[39m
[38;5;0m[HTTP][0m [37m-->[39m [37mGET[39m [37m/wd/hub/session/e0a878d6-c666-48c6-9a5d-0c0298e02183/source[39m
[38;5;0m[HTTP][0m [90m{}[39m
[38;5;48m[AndroidUiautomator2Driver@add2 (e0a878d6)][0m Driver proxy active, passing request on via HTTP proxy
[38;5;48m[AndroidUiautomator2Driver@add2 (e0a878d6)][0m Replacing sessionId 3fa9ebfe-d56b-4083-b011-0842381a9aa6 with e0a878d6-c666-48c6-9a5d-0c0298e02183
[38;5;0m[HTTP][0m [37m<-- GET /wd/hub/session/e0a878d6-c666-48c6-9a5d-0c0298e02183/source [39m[32m200[39m [90m1194 ms - 43688[39m
[38;5;0m[HTTP][0m [90m[39m
[38;5;0m[HTTP][0m [37m-->[39m [37mGET[39m [37m/wd/hub/session/e0a878d6-c666-48c6-9a5d-0c0298e02183/screenshot[39m
[38;5;0m[HTTP][0m [90m{}[39m
[38;5;0m[HTTP][0m [37m<-- GET /wd/hub/session/e0a878d6-c666-48c6-9a5d-0c0298e02183/screenshot [39m[32m200[39m [90m424 ms - 337564[39m
[38;5;0m[HTTP][0m [90m[39m
[38;5;0m[HTTP][0m [37m-->[39m [37mGET[39m [37m/wd/hub/session/e0a878d6-c666-48c6-9a5d-0c0298e02183/source[39m
[38;5;0m[HTTP][0m [90m{}[39m
[38;5;48m[AndroidUiautomator2Driver@add2 (e0a878d6)][0m Driver proxy active, passing request on via HTTP proxy
[38;5;48m[AndroidUiautomator2Driver@add2 (e0a878d6)][0m Replacing sessionId 3fa9ebfe-d56b-4083-b011-0842381a9aa6 with e0a878d6-c666-48c6-9a5d-0c0298e02183
[38;5;0m[HTTP][0m [37m<-- GET /wd/hub/session/e0a878d6-c666-48c6-9a5d-0c0298e02183/source [39m[32m200[39m [90m98 ms - 43688[39m
[38;5;0m[HTTP][0m [90m[39m
[38;5;0m[HTTP][0m [37m-->[39m [37mGET[39m [37m/wd/hub/session/e0a878d6-c666-48c6-9a5d-0c0298e02183/screenshot[39m
[38;5;0m[HTTP][0m [90m{}[39m
[38;5;0m[HTTP][0m [37m<-- GET /wd/hub/session/e0a878d6-c666-48c6-9a5d-0c0298e02183/screenshot [39m[32m200[39m [90m363 ms - 337236[39m
[38;5;0m[HTTP][0m [90m[39m
[38;5;0m[HTTP][0m [37m-->[39m [37mPOST[39m [37m/wd/hub/session/e0a878d6-c666-48c6-9a5d-0c0298e02183/elements[39m
[38;5;0m[HTTP][0m [90m{"using":"xpath","value":"//*[@class = 'android.widget.TextView' and (@text = 'Rp 48,479,000' or . = 'Rp 48,479,000') and @resource-id = 'com.vq.mbrochuregp.client.android:id/tv_credit_simulation_installments_single_layout_dp']"}[39m
[38;5;0m[HTTP][0m [37m<-- POST /wd/hub/session/e0a878d6-c666-48c6-9a5d-0c0298e02183/elements [39m[32m200[39m [90m346 ms - 139[39m
[38;5;0m[HTTP][0m [90m[39m
[38;5;0m[HTTP][0m [37m-->[39m [37mPOST[39m [37m/wd/hub/session/e0a878d6-c666-48c6-9a5d-0c0298e02183/timeouts[39m
[38;5;0m[HTTP][0m [90m{"implicit":1000}[39m
[38;5;0m[HTTP][0m [37m<-- POST /wd/hub/session/e0a878d6-c666-48c6-9a5d-0c0298e02183/timeouts [39m[32m200[39m [90m1 ms - 14[39m
[38;5;0m[HTTP][0m [90m[39m
[38;5;0m[HTTP][0m [37m-->[39m [37mPOST[39m [37m/wd/hub/session/e0a878d6-c666-48c6-9a5d-0c0298e02183/elements[39m
[38;5;0m[HTTP][0m [90m{"using":"xpath","value":"//androidx.recyclerview.widget.RecyclerView/android.widget.LinearLayout[${i}]//*[@resource-id = '$id/tv_credit_simulation_installments_single_layout_dp']"}[39m
[38;5;48m[AndroidUiautomator2Driver@add2 (e0a878d6)][0m Got response with status 400: {"sessionId":"3fa9ebfe-d56b-4083-b011-0842381a9aa6","value":{"error":"invalid selector","message":"org.eclipse.wst.xml.xpath2.processor.XPathParserException: JFlex lexer error: Unknown character at line 1 col 74: {","stacktrace":"io.appium.uiautomator2.common.exceptions.InvalidSelectorException: org.eclipse.wst.xml.xpath2.processor.XPathParserException: JFlex lexer error: Unknown character at line 1 col 74: {\n\tat io.appium.uiautomator2.core.AccessibilityNodeInfoDumper.findNodesUsingXpath2(AccessibilityNodeInfoDumper.java:329)\n\tat io.appium.uiautomator2.core.AccessibilityNodeInfoDumper.findNodes(AccessibilityNodeInfoDumper.java:388)\n\tat io.appium.uiautomator2.utils.ElementLocationHelpers.getXPathNodeMatch(ElementLocationHelpers.java:127)\n\tat io.appium.uiautomator2.utils.ElementLocationHelpers.findElements(ElementLocationHelpers.java:203)\n\tat io.appium.uiautomator2.handler.FindElements.safeHandle(FindElements.java:69)\n\tat io.appium.uiautomator2.handler.request.SafeRequestHandler.handle(SafeReques...
[38;5;0m[HTTP][0m [37m<-- POST /wd/hub/session/e0a878d6-c666-48c6-9a5d-0c0298e02183/elements [39m[33m400[39m [90m31 ms - 4841[39m
[38;5;0m[HTTP][0m [90m[39m
[38;5;0m[HTTP][0m [37m-->[39m [37mPOST[39m [37m/wd/hub/session/e0a878d6-c666-48c6-9a5d-0c0298e02183/timeouts[39m
[38;5;0m[HTTP][0m [90m{"implicit":1000}[39m
[38;5;0m[HTTP][0m [37m<-- POST /wd/hub/session/e0a878d6-c666-48c6-9a5d-0c0298e02183/timeouts [39m[32m200[39m [90m1 ms - 14[39m
[38;5;0m[HTTP][0m [90m[39m
[38;5;0m[HTTP][0m [37m-->[39m [37mPOST[39m [37m/wd/hub/session/e0a878d6-c666-48c6-9a5d-0c0298e02183/elements[39m
[38;5;0m[HTTP][0m [90m{"using":"xpath","value":"//androidx.recyclerview.widget.RecyclerView/android.widget.LinearLayout[1]//*[@resource-id = '$id/tv_credit_simulation_installments_single_layout_dp']"}[39m
[38;5;0m[HTTP][0m [37m<-- POST /wd/hub/session/e0a878d6-c666-48c6-9a5d-0c0298e02183/elements [39m[32m200[39m [90m1069 ms - 12[39m
[38;5;0m[HTTP][0m [90m[39m
[38;5;0m[HTTP][0m [37m-->[39m [37mPOST[39m [37m/wd/hub/session/e0a878d6-c666-48c6-9a5d-0c0298e02183/timeouts[39m
[38;5;0m[HTTP][0m [90m{"implicit":1000}[39m
[38;5;0m[HTTP][0m [37m<-- POST /wd/hub/session/e0a878d6-c666-48c6-9a5d-0c0298e02183/timeouts [39m[32m200[39m [90m1 ms - 14[39m
[38;5;0m[HTTP][0m [90m[39m
[38;5;0m[HTTP][0m [37m-->[39m [37mPOST[39m [37m/wd/hub/session/e0a878d6-c666-48c6-9a5d-0c0298e02183/elements[39m
[38;5;0m[HTTP][0m [90m{"using":"xpath","value":"//androidx.recyclerview.widget.RecyclerView/android.widget.LinearLayout[1]//*[@resource-id = '$id/tv_credit_simulation_installments_single_layout_dp']"}[39m
[38;5;0m[HTTP][0m [37m<-- POST /wd/hub/session/e0a878d6-c666-48c6-9a5d-0c0298e02183/elements [39m[32m200[39m [90m1068 ms - 12[39m
[38;5;0m[HTTP][0m [90m[39m
[38;5;0m[HTTP][0m [37m-->[39m [37mPOST[39m [37m/wd/hub/session/e0a878d6-c666-48c6-9a5d-0c0298e02183/timeouts[39m
[38;5;0m[HTTP][0m [90m{"implicit":1000}[39m
[38;5;0m[HTTP][0m [37m<-- POST /wd/hub/session/e0a878d6-c666-48c6-9a5d-0c0298e02183/timeouts [39m[32m200[39m [90m1 ms - 14[39m
[38;5;0m[HTTP][0m [90m[39m
[38;5;0m[HTTP][0m [37m-->[39m [37mPOST[39m [37m/wd/hub/session/e0a878d6-c666-48c6-9a5d-0c0298e02183/elements[39m
[38;5;0m[HTTP][0m [90m{"using":"xpath","value":"//androidx.recyclerview.widget.RecyclerView/android.widget.LinearLayout[1]"}[39m
[38;5;0m[HTTP][0m [37m<-- POST /wd/hub/session/e0a878d6-c666-48c6-9a5d-0c0298e02183/elements [39m[32m200[39m [90m44 ms - 139[39m
[38;5;0m[HTTP][0m [90m[39m
[38;5;0m[HTTP][0m [37m-->[39m [37mGET[39m [37m/wd/hub/session/e0a878d6-c666-48c6-9a5d-0c0298e02183/element/00000000-0000-0531-ffff-ffff00001803/location[39m
[38;5;0m[HTTP][0m [90m{}[39m
[38;5;48m[AndroidUiautomator2Driver@add2 (e0a878d6)][0m Driver proxy active, passing request on via HTTP proxy
[38;5;48m[AndroidUiautomator2Driver@add2 (e0a878d6)][0m Replacing sessionId 3fa9ebfe-d56b-4083-b011-0842381a9aa6 with e0a878d6-c666-48c6-9a5d-0c0298e02183
[38;5;0m[HTTP][0m [37m<-- GET /wd/hub/session/e0a878d6-c666-48c6-9a5d-0c0298e02183/element/00000000-0000-0531-ffff-ffff00001803/location [39m[32m200[39m [90m12 ms - 77[39m
[38;5;0m[HTTP][0m [90m[39m
[38;5;0m[HTTP][0m [37m-->[39m [37mGET[39m [37m/wd/hub/session/e0a878d6-c666-48c6-9a5d-0c0298e02183/element/00000000-0000-0531-ffff-ffff00001803/size[39m
[38;5;0m[HTTP][0m [90m{}[39m
[38;5;48m[AndroidUiautomator2Driver@add2 (e0a878d6)][0m Driver proxy active, passing request on via HTTP proxy
[38;5;48m[AndroidUiautomator2Driver@add2 (e0a878d6)][0m Replacing sessionId 3fa9ebfe-d56b-4083-b011-0842381a9aa6 with e0a878d6-c666-48c6-9a5d-0c0298e02183
[38;5;0m[HTTP][0m [37m<-- GET /wd/hub/session/e0a878d6-c666-48c6-9a5d-0c0298e02183/element/00000000-0000-0531-ffff-ffff00001803/size [39m[32m200[39m [90m11 ms - 88[39m
[38;5;0m[HTTP][0m [90m[39m
[38;5;0m[HTTP][0m [37m-->[39m [37mPOST[39m [37m/wd/hub/session/e0a878d6-c666-48c6-9a5d-0c0298e02183/elements[39m
[38;5;0m[HTTP][0m [90m{"using":"xpath","value":"//*[@class = 'android.widget.TextView' and (@text = 'Rp 48,479,000' or . = 'Rp 48,479,000') and @resource-id = 'com.vq.mbrochuregp.client.android:id/tv_credit_simulation_installments_single_layout_dp']"}[39m
[38;5;0m[HTTP][0m [37m<-- POST /wd/hub/session/e0a878d6-c666-48c6-9a5d-0c0298e02183/elements [39m[32m200[39m [90m76 ms - 139[39m
[38;5;0m[HTTP][0m [90m[39m
[38;5;0m[HTTP][0m [37m-->[39m [37mPOST[39m [37m/wd/hub/session/e0a878d6-c666-48c6-9a5d-0c0298e02183/timeouts[39m
[38;5;0m[HTTP][0m [90m{"implicit":1000}[39m
[38;5;0m[HTTP][0m [37m<-- POST /wd/hub/session/e0a878d6-c666-48c6-9a5d-0c0298e02183/timeouts [39m[32m200[39m [90m1 ms - 14[39m
[38;5;0m[HTTP][0m [90m[39m
[38;5;0m[HTTP][0m [37m-->[39m [37mPOST[39m [37m/wd/hub/session/e0a878d6-c666-48c6-9a5d-0c0298e02183/elements[39m
[38;5;0m[HTTP][0m [90m{"using":"xpath","value":"//hierarchy/android.widget.FrameLayout[1]/android.widget.LinearLayout[1]/android.widget.FrameLayout[1]/android.widget.LinearLayout[1]/android.widget.FrameLayout[1]/android.view.ViewGroup[1]/androidx.viewpager.widget.ViewPager[1]/android.widget.FrameLayout[1]/android.view.ViewGroup[1]/android.widget.ScrollView[1]/android.widget.LinearLayout[1]/androidx.recyclerview.widget.RecyclerView[1]/android.widget.LinearLayout[1]/android.view.ViewGroup[1]/android.widget.TextView[2]"}[39m
[38;5;0m[HTTP][0m [37m<-- POST /wd/hub/session/e0a878d6-c666-48c6-9a5d-0c0298e02183/elements [39m[32m200[39m [90m69 ms - 139[39m
[38;5;0m[HTTP][0m [90m[39m
[38;5;0m[HTTP][0m [37m-->[39m [37mGET[39m [37m/wd/hub/session/e0a878d6-c666-48c6-9a5d-0c0298e02183/element/00000000-0000-0531-ffff-ffff00001806/location[39m
[38;5;0m[HTTP][0m [90m{}[39m
[38;5;48m[AndroidUiautomator2Driver@add2 (e0a878d6)][0m Driver proxy active, passing request on via HTTP proxy
[38;5;48m[AndroidUiautomator2Driver@add2 (e0a878d6)][0m Replacing sessionId 3fa9ebfe-d56b-4083-b011-0842381a9aa6 with e0a878d6-c666-48c6-9a5d-0c0298e02183
[38;5;0m[HTTP][0m [37m<-- GET /wd/hub/session/e0a878d6-c666-48c6-9a5d-0c0298e02183/element/00000000-0000-0531-ffff-ffff00001806/location [39m[32m200[39m [90m13 ms - 78[39m
[38;5;0m[HTTP][0m [90m[39m
[38;5;0m[HTTP][0m [37m-->[39m [37mGET[39m [37m/wd/hub/session/e0a878d6-c666-48c6-9a5d-0c0298e02183/element/00000000-0000-0531-ffff-ffff00001806/size[39m
[38;5;0m[HTTP][0m [90m{}[39m
[38;5;48m[AndroidUiautomator2Driver@add2 (e0a878d6)][0m Driver proxy active, passing request on via HTTP proxy
[38;5;48m[AndroidUiautomator2Driver@add2 (e0a878d6)][0m Replacing sessionId 3fa9ebfe-d56b-4083-b011-0842381a9aa6 with e0a878d6-c666-48c6-9a5d-0c0298e02183
[38;5;0m[HTTP][0m [37m<-- GET /wd/hub/session/e0a878d6-c666-48c6-9a5d-0c0298e02183/element/00000000-0000-0531-ffff-ffff00001806/size [39m[32m200[39m [90m13 ms - 86[39m
[38;5;0m[HTTP][0m [90m[39m
[38;5;0m[HTTP][0m [37m-->[39m [37mPOST[39m [37m/wd/hub/session/e0a878d6-c666-48c6-9a5d-0c0298e02183/timeouts[39m
[38;5;0m[HTTP][0m [90m{"implicit":1000}[39m
[38;5;0m[HTTP][0m [37m<-- POST /wd/hub/session/e0a878d6-c666-48c6-9a5d-0c0298e02183/timeouts [39m[32m200[39m [90m1 ms - 14[39m
[38;5;0m[HTTP][0m [90m[39m
[38;5;0m[HTTP][0m [37m-->[39m [37mPOST[39m [37m/wd/hub/session/e0a878d6-c666-48c6-9a5d-0c0298e02183/elements[39m
[38;5;0m[HTTP][0m [90m{"using":"xpath","value":"//androidx.recyclerview.widget.RecyclerView/android.widget.LinearLayout[1]/android.view.ViewGroup[1]/android.widget.TextView[2]"}[39m
[38;5;0m[HTTP][0m [37m<-- POST /wd/hub/session/e0a878d6-c666-48c6-9a5d-0c0298e02183/elements [39m[32m200[39m [90m50 ms - 139[39m
[38;5;0m[HTTP][0m [90m[39m
[38;5;0m[HTTP][0m [37m-->[39m [37mGET[39m [37m/wd/hub/session/e0a878d6-c666-48c6-9a5d-0c0298e02183/element/00000000-0000-0531-ffff-ffff00001806/location[39m
[38;5;0m[HTTP][0m [90m{}[39m
[38;5;48m[AndroidUiautomator2Driver@add2 (e0a878d6)][0m Driver proxy active, passing request on via HTTP proxy
[38;5;48m[AndroidUiautomator2Driver@add2 (e0a878d6)][0m Replacing sessionId 3fa9ebfe-d56b-4083-b011-0842381a9aa6 with e0a878d6-c666-48c6-9a5d-0c0298e02183
[38;5;0m[HTTP][0m [37m<-- GET /wd/hub/session/e0a878d6-c666-48c6-9a5d-0c0298e02183/element/00000000-0000-0531-ffff-ffff00001806/location [39m[32m200[39m [90m12 ms - 78[39m
[38;5;0m[HTTP][0m [90m[39m
[38;5;0m[HTTP][0m [37m-->[39m [37mGET[39m [37m/wd/hub/session/e0a878d6-c666-48c6-9a5d-0c0298e02183/element/00000000-0000-0531-ffff-ffff00001806/size[39m
[38;5;0m[HTTP][0m [90m{}[39m
[38;5;48m[AndroidUiautomator2Driver@add2 (e0a878d6)][0m Driver proxy active, passing request on via HTTP proxy
[38;5;48m[AndroidUiautomator2Driver@add2 (e0a878d6)][0m Replacing sessionId 3fa9ebfe-d56b-4083-b011-0842381a9aa6 with e0a878d6-c666-48c6-9a5d-0c0298e02183
[38;5;0m[HTTP][0m [37m<-- GET /wd/hub/session/e0a878d6-c666-48c6-9a5d-0c0298e02183/element/00000000-0000-0531-ffff-ffff00001806/size [39m[32m200[39m [90m9 ms - 86[39m
[38;5;0m[HTTP][0m [90m[39m
[38;5;0m[HTTP][0m [37m-->[39m [37mPOST[39m [37m/wd/hub/session/e0a878d6-c666-48c6-9a5d-0c0298e02183/timeouts[39m
[38;5;0m[HTTP][0m [90m{"implicit":1000}[39m
[38;5;0m[HTTP][0m [37m<-- POST /wd/hub/session/e0a878d6-c666-48c6-9a5d-0c0298e02183/timeouts [39m[32m200[39m [90m2 ms - 14[39m
[38;5;0m[HTTP][0m [90m[39m
[38;5;0m[HTTP][0m [37m-->[39m [37mPOST[39m [37m/wd/hub/session/e0a878d6-c666-48c6-9a5d-0c0298e02183/elements[39m
[38;5;0m[HTTP][0m [90m{"using":"xpath","value":"//androidx.recyclerview.widget.RecyclerView/android.widget.LinearLayout[1]/android.view.ViewGroup[1]/android.widget.TextView[2]"}[39m
[38;5;0m[HTTP][0m [37m<-- POST /wd/hub/session/e0a878d6-c666-48c6-9a5d-0c0298e02183/elements [39m[32m200[39m [90m47 ms - 139[39m
[38;5;0m[HTTP][0m [90m[39m
[38;5;0m[HTTP][0m [37m-->[39m [37mGET[39m [37m/wd/hub/session/e0a878d6-c666-48c6-9a5d-0c0298e02183/element/00000000-0000-0531-ffff-ffff00001806/location[39m
[38;5;0m[HTTP][0m [90m{}[39m
[38;5;48m[AndroidUiautomator2Driver@add2 (e0a878d6)][0m Driver proxy active, passing request on via HTTP proxy
[38;5;48m[AndroidUiautomator2Driver@add2 (e0a878d6)][0m Replacing sessionId 3fa9ebfe-d56b-4083-b011-0842381a9aa6 with e0a878d6-c666-48c6-9a5d-0c0298e02183
[38;5;0m[HTTP][0m [37m<-- GET /wd/hub/session/e0a878d6-c666-48c6-9a5d-0c0298e02183/element/00000000-0000-0531-ffff-ffff00001806/location [39m[32m200[39m [90m11 ms - 78[39m
[38;5;0m[HTTP][0m [90m[39m
[38;5;0m[HTTP][0m [37m-->[39m [37mGET[39m [37m/wd/hub/session/e0a878d6-c666-48c6-9a5d-0c0298e02183/element/00000000-0000-0531-ffff-ffff00001806/size[39m
[38;5;0m[HTTP][0m [90m{}[39m
[38;5;48m[AndroidUiautomator2Driver@add2 (e0a878d6)][0m Driver proxy active, passing request on via HTTP proxy
[38;5;48m[AndroidUiautomator2Driver@add2 (e0a878d6)][0m Replacing sessionId 3fa9ebfe-d56b-4083-b011-0842381a9aa6 with e0a878d6-c666-48c6-9a5d-0c0298e02183
[38;5;0m[HTTP][0m [37m<-- GET /wd/hub/session/e0a878d6-c666-48c6-9a5d-0c0298e02183/element/00000000-0000-0531-ffff-ffff00001806/size [39m[32m200[39m [90m11 ms - 86[39m
[38;5;0m[HTTP][0m [90m[39m
[38;5;0m[HTTP][0m [37m-->[39m [37mPOST[39m [37m/wd/hub/session/e0a878d6-c666-48c6-9a5d-0c0298e02183/timeouts[39m
[38;5;0m[HTTP][0m [90m{"implicit":1000}[39m
[38;5;0m[HTTP][0m [37m<-- POST /wd/hub/session/e0a878d6-c666-48c6-9a5d-0c0298e02183/timeouts [39m[32m200[39m [90m1 ms - 14[39m
[38;5;0m[HTTP][0m [90m[39m
[38;5;0m[HTTP][0m [37m-->[39m [37mPOST[39m [37m/wd/hub/session/e0a878d6-c666-48c6-9a5d-0c0298e02183/elements[39m
[38;5;0m[HTTP][0m [90m{"using":"xpath","value":"//androidx.recyclerview.widget.RecyclerView/android.widget.LinearLayout[1]/android.view.ViewGroup[1]/android.widget.TextView[2]"}[39m
[38;5;0m[HTTP][0m [37m<-- POST /wd/hub/session/e0a878d6-c666-48c6-9a5d-0c0298e02183/elements [39m[32m200[39m [90m61 ms - 139[39m
[38;5;0m[HTTP][0m [90m[39m
[38;5;0m[HTTP][0m [37m-->[39m [37mGET[39m [37m/wd/hub/session/e0a878d6-c666-48c6-9a5d-0c0298e02183/element/00000000-0000-0531-ffff-ffff00001806/location[39m
[38;5;0m[HTTP][0m [90m{}[39m
[38;5;48m[AndroidUiautomator2Driver@add2 (e0a878d6)][0m Driver proxy active, passing request on via HTTP proxy
[38;5;48m[AndroidUiautomator2Driver@add2 (e0a878d6)][0m Replacing sessionId 3fa9ebfe-d56b-4083-b011-0842381a9aa6 with e0a878d6-c666-48c6-9a5d-0c0298e02183
[38;5;0m[HTTP][0m [37m<-- GET /wd/hub/session/e0a878d6-c666-48c6-9a5d-0c0298e02183/element/00000000-0000-0531-ffff-ffff00001806/location [39m[32m200[39m [90m10 ms - 78[39m
[38;5;0m[HTTP][0m [90m[39m
[38;5;0m[HTTP][0m [37m-->[39m [37mGET[39m [37m/wd/hub/session/e0a878d6-c666-48c6-9a5d-0c0298e02183/element/00000000-0000-0531-ffff-ffff00001806/size[39m
[38;5;0m[HTTP][0m [90m{}[39m
[38;5;48m[AndroidUiautomator2Driver@add2 (e0a878d6)][0m Driver proxy active, passing request on via HTTP proxy
[38;5;48m[AndroidUiautomator2Driver@add2 (e0a878d6)][0m Replacing sessionId 3fa9ebfe-d56b-4083-b011-0842381a9aa6 with e0a878d6-c666-48c6-9a5d-0c0298e02183
[38;5;0m[HTTP][0m [37m<-- GET /wd/hub/session/e0a878d6-c666-48c6-9a5d-0c0298e02183/element/00000000-0000-0531-ffff-ffff00001806/size [39m[32m200[39m [90m9 ms - 86[39m
[38;5;0m[HTTP][0m [90m[39m
[38;5;0m[HTTP][0m [37m-->[39m [37mPOST[39m [37m/wd/hub/session/e0a878d6-c666-48c6-9a5d-0c0298e02183/timeouts[39m
[38;5;0m[HTTP][0m [90m{"implicit":1000}[39m
[38;5;0m[HTTP][0m [37m<-- POST /wd/hub/session/e0a878d6-c666-48c6-9a5d-0c0298e02183/timeouts [39m[32m200[39m [90m1 ms - 14[39m
[38;5;0m[HTTP][0m [90m[39m
[38;5;0m[HTTP][0m [37m-->[39m [37mPOST[39m [37m/wd/hub/session/e0a878d6-c666-48c6-9a5d-0c0298e02183/elements[39m
[38;5;0m[HTTP][0m [90m{"using":"xpath","value":"//androidx.recyclerview.widget.RecyclerView/android.widget.LinearLayout[1]/android.view.ViewGroup[1]/android.widget.TextView[2]"}[39m
[38;5;0m[HTTP][0m [37m<-- POST /wd/hub/session/e0a878d6-c666-48c6-9a5d-0c0298e02183/elements [39m[32m200[39m [90m572 ms - 139[39m
[38;5;0m[HTTP][0m [90m[39m
[38;5;0m[HTTP][0m [37m-->[39m [37mGET[39m [37m/wd/hub/session/e0a878d6-c666-48c6-9a5d-0c0298e02183/element/00000000-0000-0531-ffff-ffff00001806/location[39m
[38;5;0m[HTTP][0m [90m{}[39m
[38;5;48m[AndroidUiautomator2Driver@add2 (e0a878d6)][0m Driver proxy active, passing request on via HTTP proxy
[38;5;48m[AndroidUiautomator2Driver@add2 (e0a878d6)][0m Replacing sessionId 3fa9ebfe-d56b-4083-b011-0842381a9aa6 with e0a878d6-c666-48c6-9a5d-0c0298e02183
[38;5;0m[HTTP][0m [37m<-- GET /wd/hub/session/e0a878d6-c666-48c6-9a5d-0c0298e02183/element/00000000-0000-0531-ffff-ffff00001806/location [39m[32m200[39m [90m10 ms - 78[39m
[38;5;0m[HTTP][0m [90m[39m
[38;5;0m[HTTP][0m [37m-->[39m [37mGET[39m [37m/wd/hub/session/e0a878d6-c666-48c6-9a5d-0c0298e02183/element/00000000-0000-0531-ffff-ffff00001806/size[39m
[38;5;0m[HTTP][0m [90m{}[39m
[38;5;48m[AndroidUiautomator2Driver@add2 (e0a878d6)][0m Driver proxy active, passing request on via HTTP proxy
[38;5;48m[AndroidUiautomator2Driver@add2 (e0a878d6)][0m Replacing sessionId 3fa9ebfe-d56b-4083-b011-0842381a9aa6 with e0a878d6-c666-48c6-9a5d-0c0298e02183
[38;5;0m[HTTP][0m [37m<-- GET /wd/hub/session/e0a878d6-c666-48c6-9a5d-0c0298e02183/element/00000000-0000-0531-ffff-ffff00001806/size [39m[32m200[39m [90m9 ms - 86[39m
[38;5;0m[HTTP][0m [90m[39m
[38;5;0m[HTTP][0m [37m-->[39m [37mPOST[39m [37m/wd/hub/session/e0a878d6-c666-48c6-9a5d-0c0298e02183/timeouts[39m
[38;5;0m[HTTP][0m [90m{"implicit":1000}[39m
[38;5;0m[HTTP][0m [37m<-- POST /wd/hub/session/e0a878d6-c666-48c6-9a5d-0c0298e02183/timeouts [39m[32m200[39m [90m1 ms - 14[39m
[38;5;0m[HTTP][0m [90m[39m
[38;5;0m[HTTP][0m [37m-->[39m [37mPOST[39m [37m/wd/hub/session/e0a878d6-c666-48c6-9a5d-0c0298e02183/elements[39m
[38;5;0m[HTTP][0m [90m{"using":"xpath","value":"//androidx.recyclerview.widget.RecyclerView/android.widget.LinearLayout[1]/android.view.ViewGroup[1]/android.widget.TextView[2]"}[39m
[38;5;0m[HTTP][0m [37m<-- POST /wd/hub/session/e0a878d6-c666-48c6-9a5d-0c0298e02183/elements [39m[32m200[39m [90m56 ms - 139[39m
[38;5;0m[HTTP][0m [90m[39m
[38;5;0m[HTTP][0m [37m-->[39m [37mGET[39m [37m/wd/hub/session/e0a878d6-c666-48c6-9a5d-0c0298e02183/element/00000000-0000-0531-ffff-ffff00001806/location[39m
[38;5;0m[HTTP][0m [90m{}[39m
[38;5;48m[AndroidUiautomator2Driver@add2 (e0a878d6)][0m Driver proxy active, passing request on via HTTP proxy
[38;5;48m[AndroidUiautomator2Driver@add2 (e0a878d6)][0m Replacing sessionId 3fa9ebfe-d56b-4083-b011-0842381a9aa6 with e0a878d6-c666-48c6-9a5d-0c0298e02183
[38;5;0m[HTTP][0m [37m<-- GET /wd/hub/session/e0a878d6-c666-48c6-9a5d-0c0298e02183/element/00000000-0000-0531-ffff-ffff00001806/location [39m[32m200[39m [90m10 ms - 78[39m
[38;5;0m[HTTP][0m [90m[39m
[38;5;0m[HTTP][0m [37m-->[39m [37mGET[39m [37m/wd/hub/session/e0a878d6-c666-48c6-9a5d-0c0298e02183/element/00000000-0000-0531-ffff-ffff00001806/size[39m
[38;5;0m[HTTP][0m [90m{}[39m
[38;5;48m[AndroidUiautomator2Driver@add2 (e0a878d6)][0m Driver proxy active, passing request on via HTTP proxy
[38;5;48m[AndroidUiautomator2Driver@add2 (e0a878d6)][0m Replacing sessionId 3fa9ebfe-d56b-4083-b011-0842381a9aa6 with e0a878d6-c666-48c6-9a5d-0c0298e02183
[38;5;0m[HTTP][0m [37m<-- GET /wd/hub/session/e0a878d6-c666-48c6-9a5d-0c0298e02183/element/00000000-0000-0531-ffff-ffff00001806/size [39m[32m200[39m [90m9 ms - 86[39m
[38;5;0m[HTTP][0m [90m[39m
[38;5;0m[HTTP][0m [37m-->[39m [37mPOST[39m [37m/wd/hub/session/e0a878d6-c666-48c6-9a5d-0c0298e02183/timeouts[39m
[38;5;0m[HTTP][0m [90m{"implicit":1000}[39m
[38;5;0m[HTTP][0m [37m<-- POST /wd/hub/session/e0a878d6-c666-48c6-9a5d-0c0298e02183/timeouts [39m[32m200[39m [90m1 ms - 14[39m
[38;5;0m[HTTP][0m [90m[39m
[38;5;0m[HTTP][0m [37m-->[39m [37mPOST[39m [37m/wd/hub/session/e0a878d6-c666-48c6-9a5d-0c0298e02183/elements[39m
[38;5;0m[HTTP][0m [90m{"using":"xpath","value":"//androidx.recyclerview.widget.RecyclerView/android.widget.LinearLayout[1]/android.view.ViewGroup[1]/android.widget.TextView[2]"}[39m
[38;5;0m[HTTP][0m [37m<-- POST /wd/hub/session/e0a878d6-c666-48c6-9a5d-0c0298e02183/elements [39m[32m200[39m [90m50 ms - 139[39m
[38;5;0m[HTTP][0m [90m[39m
[38;5;0m[HTTP][0m [37m-->[39m [37mGET[39m [37m/wd/hub/session/e0a878d6-c666-48c6-9a5d-0c0298e02183/element/00000000-0000-0531-ffff-ffff00001806/location[39m
[38;5;0m[HTTP][0m [90m{}[39m
[38;5;48m[AndroidUiautomator2Driver@add2 (e0a878d6)][0m Driver proxy active, passing request on via HTTP proxy
[38;5;48m[AndroidUiautomator2Driver@add2 (e0a878d6)][0m Replacing sessionId 3fa9ebfe-d56b-4083-b011-0842381a9aa6 with e0a878d6-c666-48c6-9a5d-0c0298e02183
[38;5;0m[HTTP][0m [37m<-- GET /wd/hub/session/e0a878d6-c666-48c6-9a5d-0c0298e02183/element/00000000-0000-0531-ffff-ffff00001806/location [39m[32m200[39m [90m11 ms - 78[39m
[38;5;0m[HTTP][0m [90m[39m
[38;5;0m[HTTP][0m [37m-->[39m [37mGET[39m [37m/wd/hub/session/e0a878d6-c666-48c6-9a5d-0c0298e02183/element/00000000-0000-0531-ffff-ffff00001806/size[39m
[38;5;0m[HTTP][0m [90m{}[39m
[38;5;48m[AndroidUiautomator2Driver@add2 (e0a878d6)][0m Driver proxy active, passing request on via HTTP proxy
[38;5;48m[AndroidUiautomator2Driver@add2 (e0a878d6)][0m Replacing sessionId 3fa9ebfe-d56b-4083-b011-0842381a9aa6 with e0a878d6-c666-48c6-9a5d-0c0298e02183
[38;5;0m[HTTP][0m [37m<-- GET /wd/hub/session/e0a878d6-c666-48c6-9a5d-0c0298e02183/element/00000000-0000-0531-ffff-ffff00001806/size [39m[32m200[39m [90m13 ms - 86[39m
[38;5;0m[HTTP][0m [90m[39m
[38;5;0m[HTTP][0m [37m-->[39m [37mPOST[39m [37m/wd/hub/session/e0a878d6-c666-48c6-9a5d-0c0298e02183/timeouts[39m
[38;5;0m[HTTP][0m [90m{"implicit":1000}[39m
[38;5;0m[HTTP][0m [37m<-- POST /wd/hub/session/e0a878d6-c666-48c6-9a5d-0c0298e02183/timeouts [39m[32m200[39m [90m1 ms - 14[39m
[38;5;0m[HTTP][0m [90m[39m
[38;5;0m[HTTP][0m [37m-->[39m [37mPOST[39m [37m/wd/hub/session/e0a878d6-c666-48c6-9a5d-0c0298e02183/elements[39m
[38;5;0m[HTTP][0m [90m{"using":"xpath","value":"//androidx.recyclerview.widget.RecyclerView/android.widget.LinearLayout[2]/android.view.ViewGroup[1]/android.widget.TextView[2]"}[39m
[38;5;0m[HTTP][0m [37m<-- POST /wd/hub/session/e0a878d6-c666-48c6-9a5d-0c0298e02183/elements [39m[32m200[39m [90m41 ms - 139[39m
[38;5;0m[HTTP][0m [90m[39m
[38;5;0m[HTTP][0m [37m-->[39m [37mGET[39m [37m/wd/hub/session/e0a878d6-c666-48c6-9a5d-0c0298e02183/element/00000000-0000-0531-ffff-ffff0000180d/location[39m
[38;5;0m[HTTP][0m [90m{}[39m
[38;5;48m[AndroidUiautomator2Driver@add2 (e0a878d6)][0m Driver proxy active, passing request on via HTTP proxy
[38;5;48m[AndroidUiautomator2Driver@add2 (e0a878d6)][0m Replacing sessionId 3fa9ebfe-d56b-4083-b011-0842381a9aa6 with e0a878d6-c666-48c6-9a5d-0c0298e02183
[38;5;0m[HTTP][0m [37m<-- GET /wd/hub/session/e0a878d6-c666-48c6-9a5d-0c0298e02183/element/00000000-0000-0531-ffff-ffff0000180d/location [39m[32m200[39m [90m9 ms - 79[39m
[38;5;0m[HTTP][0m [90m[39m
[38;5;0m[HTTP][0m [37m-->[39m [37mGET[39m [37m/wd/hub/session/e0a878d6-c666-48c6-9a5d-0c0298e02183/element/00000000-0000-0531-ffff-ffff0000180d/size[39m
[38;5;0m[HTTP][0m [90m{}[39m
[38;5;48m[AndroidUiautomator2Driver@add2 (e0a878d6)][0m Driver proxy active, passing request on via HTTP proxy
[38;5;48m[AndroidUiautomator2Driver@add2 (e0a878d6)][0m Replacing sessionId 3fa9ebfe-d56b-4083-b011-0842381a9aa6 with e0a878d6-c666-48c6-9a5d-0c0298e02183
[38;5;0m[HTTP][0m [37m<-- GET /wd/hub/session/e0a878d6-c666-48c6-9a5d-0c0298e02183/element/00000000-0000-0531-ffff-ffff0000180d/size [39m[32m200[39m [90m9 ms - 86[39m
[38;5;0m[HTTP][0m [90m[39m
[38;5;0m[HTTP][0m [37m-->[39m [37mDELETE[39m [37m/wd/hub/session/e0a878d6-c666-48c6-9a5d-0c0298e02183[39m
[38;5;0m[HTTP][0m [90m{}[39m
[38;5;16m[AppiumDriver@12e5][0m Removing session e0a878d6-c666-48c6-9a5d-0c0298e02183 from our master session list
[38;5;48m[AndroidUiautomator2Driver@add2 (e0a878d6)][0m Restoring hidden api policy to the device default configuration
[38;5;0m[HTTP][0m [37m<-- DELETE /wd/hub/session/e0a878d6-c666-48c6-9a5d-0c0298e02183 [39m[32m200[39m [90m175 ms - 14[39m
[38;5;0m[HTTP][0m [90m[39m
